#
# A fatal error has been detected by the Java Runtime Environment:
#
#  Internal Error (javaCalls.cpp:51), pid=2236, tid=0x0000000000003e2c
#  guarantee(thread->is_Java_thread()) failed: crucial check - the VM thread cannot and must not escape to Java code
#
# JRE version: Java(TM) SE Runtime Environment (8.0_181-b13) (build 1.8.0_181-b13)
# Java VM: Java HotSpot(TM) 64-Bit Server VM (25.181-b13 mixed mode windows-amd64 compressed oops)
# Failed to write core dump. Minidumps are not enabled by default on client versions of Windows
#
# If you would like to submit a bug report, please visit:
#   http://bugreport.java.com/bugreport/crash.jsp
#

---------------  T H R E A D  ---------------

Current thread (0x000000001ce49000):  VMThread [stack: 0x000000001eb40000,0x000000001ec40000] [id=15916]

Stack: [0x000000001eb40000,0x000000001ec40000]
[error occurred during error reporting (printing stack bounds), id 0xc0000005]

Native frames: (J=compiled Java code, j=interpreted, Vv=VM code, C=native code)

VM_Operation (0x000000001f62f5b0): GetOrSetLocal, mode: safepoint, requested by thread 0x000000001ed8c800


---------------  P R O C E S S  ---------------

Java Threads: ( => current thread )
  0x000000002a450800 JavaThread "HikariPool-1 connection closer" daemon [_thread_in_Java, id=6208, stack(0x000000002fcf0000,0x000000002fdf0000)]
  0x000000002a450000 JavaThread "HikariPool-1 connection adder" daemon [_thread_in_Java, id=15220, stack(0x000000002fbf0000,0x000000002fcf0000)]
  0x000000002a26e800 JavaThread "SimplePauseDetectorThread_0" daemon [_thread_blocked, id=10504, stack(0x000000002f0b0000,0x000000002f1b0000)]
  0x000000002a26a800 JavaThread "Thread-2" daemon [_thread_blocked, id=14124, stack(0x000000002b490000,0x000000002b590000)]
  0x000000002a270800 JavaThread "HikariPool-1 housekeeper" daemon [_thread_blocked, id=2556, stack(0x0000000029b70000,0x0000000029c70000)]
  0x000000001fbe5800 JavaThread "Service Thread" daemon [_thread_blocked, id=19196, stack(0x0000000020430000,0x0000000020530000)]
  0x000000001fb18000 JavaThread "C1 CompilerThread3" daemon [_thread_blocked, id=16740, stack(0x0000000020330000,0x0000000020430000)]
  0x000000001fb17000 JavaThread "C2 CompilerThread2" daemon [_thread_blocked, id=11812, stack(0x0000000020230000,0x0000000020330000)]
  0x000000001fb12800 JavaThread "C2 CompilerThread1" daemon [_thread_blocked, id=22948, stack(0x0000000020130000,0x0000000020230000)]
  0x000000001fb0f800 JavaThread "C2 CompilerThread0" daemon [_thread_blocked, id=2728, stack(0x0000000020030000,0x0000000020130000)]
  0x000000001ed8e800 JavaThread "JDWP Command Reader" daemon [_thread_in_native, id=7340, stack(0x000000001f730000,0x000000001f830000)]
  0x000000001ed8d800 JavaThread "JDWP Event Helper Thread" daemon [_thread_blocked, id=8996, stack(0x000000001f630000,0x000000001f730000)]
  0x000000001ed8c800 JavaThread "JDWP Transport Listener: dt_socket" daemon [_thread_blocked, id=2608, stack(0x000000001f530000,0x000000001f630000)]
  0x000000001ed76800 JavaThread "Attach Listener" daemon [_thread_blocked, id=17096, stack(0x000000001f430000,0x000000001f530000)]
  0x000000001ed75800 JavaThread "Signal Dispatcher" daemon [_thread_blocked, id=16476, stack(0x000000001f330000,0x000000001f430000)]
  0x000000001ed61800 JavaThread "Finalizer" daemon [_thread_blocked, id=11704, stack(0x000000001f140000,0x000000001f240000)]
  0x000000001ce51800 JavaThread "Reference Handler" daemon [_thread_blocked, id=2436, stack(0x000000001ec40000,0x000000001ed40000)]
  0x00000000031cb000 JavaThread "main" [_thread_blocked, id=23360, stack(0x0000000003080000,0x0000000003180000)]

Other Threads:
=>0x000000001ce49000 VMThread [stack: 0x000000001eb40000,0x000000001ec40000] [id=15916]
  0x000000001fb79800 WatcherThread [stack: 0x0000000020530000,0x0000000020630000] [id=20884]

VM state:at safepoint (normal execution)

VM Mutex/Monitor currently owned by a thread:  ([mutex/lock_event])
[0x00000000031c10d0] Threads_lock - owner thread: 0x000000001ce49000

Heap:
 PSYoungGen      total 522752K, used 279454K [0x000000076b600000, 0x000000078ef00000, 0x00000007c0000000)
  eden space 506368K, 52% used [0x000000076b600000,0x000000077b74d500,0x000000078a480000)
  from space 16384K, 97% used [0x000000078df00000,0x000000078ee9a380,0x000000078ef00000)
  to   space 20992K, 0% used [0x000000078c600000,0x000000078c600000,0x000000078da80000)
 ParOldGen       total 158208K, used 28796K [0x00000006c2200000, 0x00000006cbc80000, 0x000000076b600000)
  object space 158208K, 18% used [0x00000006c2200000,0x00000006c3e1f148,0x00000006cbc80000)
 Metaspace       used 69702K, capacity 72868K, committed 73088K, reserved 1112064K
  class space    used 9495K, capacity 10051K, committed 10112K, reserved 1048576K

Card table byte_map: [0x0000000012840000,0x0000000013030000] byte_map_base: 0x000000000f22f000

Marking Bits: (ParMarkBitMap*) 0x00000000582d2d00
 Begin Bits: [0x0000000013d80000, 0x0000000017cf8000)
 End Bits:   [0x0000000017cf8000, 0x000000001bc70000)

Polling page: 0x0000000001770000

CodeCache: size=245760Kb used=25980Kb max_used=28197Kb free=219779Kb
 bounds [0x0000000003480000, 0x0000000005050000, 0x0000000012480000]
 total_blobs=7153 nmethods=6583 adapters=489
 compilation: enabled

Compilation events (10 events):
Event: 8009.945 Thread 0x000000001fb0f800 7677       4       org.h2.util.ParserUtil::isSimpleIdentifier (100 bytes)
Event: 8009.945 Thread 0x000000001fb18000 7676       3       org.h2.mvstore.MVStore::setWriteVersion (61 bytes)
Event: 8009.949 Thread 0x000000001fb18000 nmethod 7676 0x0000000003f54a50 code [0x0000000003f54ca0, 0x0000000003f55b38]
Event: 8009.951 Thread 0x000000001fb18000 7675       3       org.h2.util.Utils::parseBoolean (161 bytes)
Event: 8009.953 Thread 0x000000001fb18000 nmethod 7675 0x00000000041b9650 code [0x00000000041b98a0, 0x00000000041ba668]
Event: 8009.954 Thread 0x000000001fb18000 7678       1       org.h2.command.Prepared::isQuery (2 bytes)
Event: 8009.954 Thread 0x000000001fb18000 nmethod 7678 0x0000000003f935d0 code [0x0000000003f93720, 0x0000000003f93830]
Event: 8009.958 Thread 0x000000001fb18000 7679  s    3       java.util.Hashtable::remove (133 bytes)
Event: 8009.959 Thread 0x000000001fb18000 nmethod 7679 0x0000000003918d90 code [0x0000000003918f40, 0x00000000039197b8]
Event: 8009.963 Thread 0x000000001fb0f800 nmethod 7677 0x0000000003d4a510 code [0x0000000003d4a700, 0x0000000003d4b088]

GC Heap History (10 events):
Event: 5.699 GC heap before
{Heap before GC invocations=9 (full 2):
 PSYoungGen      total 250880K, used 13870K [0x000000076b600000, 0x0000000787000000, 0x00000007c0000000)
  eden space 235520K, 0% used [0x000000076b600000,0x000000076b600000,0x0000000779c00000)
  from space 15360K, 90% used [0x0000000779c00000,0x000000077a98b8c0,0x000000077ab00000)
  to   space 16896K, 0% used [0x0000000785f80000,0x0000000785f80000,0x0000000787000000)
 ParOldGen       total 79872K, used 7113K [0x00000006c2200000, 0x00000006c7000000, 0x000000076b600000)
  object space 79872K, 8% used [0x00000006c2200000,0x00000006c28f2648,0x00000006c7000000)
 Metaspace       used 34760K, capacity 35994K, committed 36048K, reserved 1081344K
  class space    used 4453K, capacity 4704K, committed 4736K, reserved 1048576K
Event: 5.744 GC heap after
Heap after GC invocations=9 (full 2):
 PSYoungGen      total 250880K, used 0K [0x000000076b600000, 0x0000000787000000, 0x00000007c0000000)
  eden space 235520K, 0% used [0x000000076b600000,0x000000076b600000,0x0000000779c00000)
  from space 15360K, 0% used [0x0000000779c00000,0x0000000779c00000,0x000000077ab00000)
  to   space 16896K, 0% used [0x0000000785f80000,0x0000000785f80000,0x0000000787000000)
 ParOldGen       total 115200K, used 18527K [0x00000006c2200000, 0x00000006c9280000, 0x000000076b600000)
  object space 115200K, 16% used [0x00000006c2200000,0x00000006c3417e70,0x00000006c9280000)
 Metaspace       used 34760K, capacity 35994K, committed 36048K, reserved 1081344K
  class space    used 4453K, capacity 4704K, committed 4736K, reserved 1048576K
}
Event: 8.017 GC heap before
{Heap before GC invocations=10 (full 2):
 PSYoungGen      total 250880K, used 235520K [0x000000076b600000, 0x0000000787000000, 0x00000007c0000000)
  eden space 235520K, 100% used [0x000000076b600000,0x0000000779c00000,0x0000000779c00000)
  from space 15360K, 0% used [0x0000000779c00000,0x0000000779c00000,0x000000077ab00000)
  to   space 16896K, 0% used [0x0000000785f80000,0x0000000785f80000,0x0000000787000000)
 ParOldGen       total 115200K, used 18527K [0x00000006c2200000, 0x00000006c9280000, 0x000000076b600000)
  object space 115200K, 16% used [0x00000006c2200000,0x00000006c3417e70,0x00000006c9280000)
 Metaspace       used 52113K, capacity 53536K, committed 54016K, reserved 1095680K
  class space    used 7022K, capacity 7335K, committed 7424K, reserved 1048576K
Event: 8.029 GC heap after
Heap after GC invocations=10 (full 2):
 PSYoungGen      total 410624K, used 16868K [0x000000076b600000, 0x0000000787000000, 0x00000007c0000000)
  eden space 393728K, 0% used [0x000000076b600000,0x000000076b600000,0x0000000783680000)
  from space 16896K, 99% used [0x0000000785f80000,0x0000000786ff9308,0x0000000787000000)
  to   space 19968K, 0% used [0x0000000784900000,0x0000000784900000,0x0000000785c80000)
 ParOldGen       total 115200K, used 19965K [0x00000006c2200000, 0x00000006c9280000, 0x000000076b600000)
  object space 115200K, 17% used [0x00000006c2200000,0x00000006c357f510,0x00000006c9280000)
 Metaspace       used 52113K, capacity 53536K, committed 54016K, reserved 1095680K
  class space    used 7022K, capacity 7335K, committed 7424K, reserved 1048576K
}
Event: 9.319 GC heap before
{Heap before GC invocations=11 (full 2):
 PSYoungGen      total 410624K, used 140151K [0x000000076b600000, 0x0000000787000000, 0x00000007c0000000)
  eden space 393728K, 31% used [0x000000076b600000,0x0000000772e64928,0x0000000783680000)
  from space 16896K, 99% used [0x0000000785f80000,0x0000000786ff9308,0x0000000787000000)
  to   space 19968K, 0% used [0x0000000784900000,0x0000000784900000,0x0000000785c80000)
 ParOldGen       total 115200K, used 19965K [0x00000006c2200000, 0x00000006c9280000, 0x000000076b600000)
  object space 115200K, 17% used [0x00000006c2200000,0x00000006c357f510,0x00000006c9280000)
 Metaspace       used 57971K, capacity 59978K, committed 60080K, reserved 1101824K
  class space    used 7765K, capacity 8146K, committed 8192K, reserved 1048576K
Event: 9.337 GC heap after
Heap after GC invocations=11 (full 2):
 PSYoungGen      total 432640K, used 12734K [0x000000076b600000, 0x000000078f280000, 0x00000007c0000000)
  eden space 412672K, 0% used [0x000000076b600000,0x000000076b600000,0x0000000784900000)
  from space 19968K, 63% used [0x0000000784900000,0x000000078556fbd8,0x0000000785c80000)
  to   space 19968K, 0% used [0x000000078df00000,0x000000078df00000,0x000000078f280000)
 ParOldGen       total 115200K, used 19973K [0x00000006c2200000, 0x00000006c9280000, 0x000000076b600000)
  object space 115200K, 17% used [0x00000006c2200000,0x00000006c3581510,0x00000006c9280000)
 Metaspace       used 57971K, capacity 59978K, committed 60080K, reserved 1101824K
  class space    used 7765K, capacity 8146K, committed 8192K, reserved 1048576K
}
Event: 9.337 GC heap before
{Heap before GC invocations=12 (full 3):
 PSYoungGen      total 432640K, used 12734K [0x000000076b600000, 0x000000078f280000, 0x00000007c0000000)
  eden space 412672K, 0% used [0x000000076b600000,0x000000076b600000,0x0000000784900000)
  from space 19968K, 63% used [0x0000000784900000,0x000000078556fbd8,0x0000000785c80000)
  to   space 19968K, 0% used [0x000000078df00000,0x000000078df00000,0x000000078f280000)
 ParOldGen       total 115200K, used 19973K [0x00000006c2200000, 0x00000006c9280000, 0x000000076b600000)
  object space 115200K, 17% used [0x00000006c2200000,0x00000006c3581510,0x00000006c9280000)
 Metaspace       used 57971K, capacity 59978K, committed 60080K, reserved 1101824K
  class space    used 7765K, capacity 8146K, committed 8192K, reserved 1048576K
Event: 9.573 GC heap after
Heap after GC invocations=12 (full 3):
 PSYoungGen      total 432640K, used 0K [0x000000076b600000, 0x000000078f280000, 0x00000007c0000000)
  eden space 412672K, 0% used [0x000000076b600000,0x000000076b600000,0x0000000784900000)
  from space 19968K, 0% used [0x0000000784900000,0x0000000784900000,0x0000000785c80000)
  to   space 19968K, 0% used [0x000000078df00000,0x000000078df00000,0x000000078f280000)
 ParOldGen       total 158208K, used 28788K [0x00000006c2200000, 0x00000006cbc80000, 0x000000076b600000)
  object space 158208K, 18% used [0x00000006c2200000,0x00000006c3e1d148,0x00000006cbc80000)
 Metaspace       used 57971K, capacity 59978K, committed 60080K, reserved 1101824K
  class space    used 7765K, capacity 8146K, committed 8192K, reserved 1048576K
}
Event: 12.669 GC heap before
{Heap before GC invocations=13 (full 3):
 PSYoungGen      total 432640K, used 412672K [0x000000076b600000, 0x000000078f280000, 0x00000007c0000000)
  eden space 412672K, 100% used [0x000000076b600000,0x0000000784900000,0x0000000784900000)
  from space 19968K, 0% used [0x0000000784900000,0x0000000784900000,0x0000000785c80000)
  to   space 19968K, 0% used [0x000000078df00000,0x000000078df00000,0x000000078f280000)
 ParOldGen       total 158208K, used 28788K [0x00000006c2200000, 0x00000006cbc80000, 0x000000076b600000)
  object space 158208K, 18% used [0x00000006c2200000,0x00000006c3e1d148,0x00000006cbc80000)
 Metaspace       used 64266K, capacity 66988K, committed 67200K, reserved 1107968K
  class space    used 8741K, capacity 9223K, committed 9344K, reserved 1048576K
Event: 12.682 GC heap after
Heap after GC invocations=13 (full 3):
 PSYoungGen      total 522752K, used 15976K [0x000000076b600000, 0x000000078ef00000, 0x00000007c0000000)
  eden space 506368K, 0% used [0x000000076b600000,0x000000076b600000,0x000000078a480000)
  from space 16384K, 97% used [0x000000078df00000,0x000000078ee9a380,0x000000078ef00000)
  to   space 20992K, 0% used [0x000000078c600000,0x000000078c600000,0x000000078da80000)
 ParOldGen       total 158208K, used 28796K [0x00000006c2200000, 0x00000006cbc80000, 0x000000076b600000)
  object space 158208K, 18% used [0x00000006c2200000,0x00000006c3e1f148,0x00000006cbc80000)
 Metaspace       used 64266K, capacity 66988K, committed 67200K, reserved 1107968K
  class space    used 8741K, capacity 9223K, committed 9344K, reserved 1048576K
}

Deoptimization events (10 events):
Event: 14.118 Thread 0x00000000031cb000 Uncommon trap: reason=unstable_if action=reinterpret pc=0x0000000004cfb158 method=org.springframework.transaction.annotation.SpringTransactionAnnotationParser.parseTransactionAnnotation(Ljava/lang/reflect/AnnotatedElement;)Lorg/springframework/transaction
Event: 14.219 Thread 0x00000000031cb000 Uncommon trap: reason=bimorphic action=maybe_recompile pc=0x00000000045270f0 method=org.h2.table.Column.convert(Lorg/h2/value/Value;Lorg/h2/engine/Mode;)Lorg/h2/value/Value; @ 18
Event: 14.219 Thread 0x00000000031cb000 Uncommon trap: reason=bimorphic action=maybe_recompile pc=0x00000000045270f0 method=org.h2.table.Column.convert(Lorg/h2/value/Value;Lorg/h2/engine/Mode;)Lorg/h2/value/Value; @ 18
Event: 14.230 Thread 0x00000000031cb000 Uncommon trap: reason=bimorphic action=maybe_recompile pc=0x00000000045270f0 method=org.h2.table.Column.convert(Lorg/h2/value/Value;Lorg/h2/engine/Mode;)Lorg/h2/value/Value; @ 18
Event: 14.230 Thread 0x00000000031cb000 Uncommon trap: reason=bimorphic action=maybe_recompile pc=0x00000000045270f0 method=org.h2.table.Column.convert(Lorg/h2/value/Value;Lorg/h2/engine/Mode;)Lorg/h2/value/Value; @ 18
Event: 14.256 Thread 0x00000000031cb000 Uncommon trap: reason=unstable_if action=reinterpret pc=0x000000000457dc94 method=org.h2.command.Parser.read()V @ 143
Event: 14.282 Thread 0x00000000031cb000 Uncommon trap: reason=bimorphic action=maybe_recompile pc=0x00000000044b1c88 method=org.h2.table.Column.convert(Lorg/h2/value/Value;Lorg/h2/engine/Mode;)Lorg/h2/value/Value; @ 18
Event: 2011.349 Thread 0x000000002a270800 Uncommon trap: reason=unstable_if action=reinterpret pc=0x00000000035b5774 method=sun.nio.cs.UTF_8$Encoder.encode([CII[B)I @ 33
Event: 2011.434 Thread 0x000000002a450000 Uncommon trap: reason=null_check action=make_not_entrant pc=0x0000000003c8cbf4 method=java.util.ArrayList.indexOf(Ljava/lang/Object;)I @ 51
Event: 2647.699 Thread 0x000000002a270800 Uncommon trap: reason=unstable_if action=reinterpret pc=0x0000000003595068 method=sun.nio.cs.UTF_8$Encoder.encode([CII[B)I @ 33

Classes redefined (4 events):
Event: 198.498 Thread 0x000000001ce49000 redefined class name=ro.quickorder.backend.service.ReservationServiceTest, count=1
Event: 2120.747 Thread 0x000000001ce49000 redefined class name=ro.quickorder.backend.service.ReservationServiceTest, count=2
Event: 4987.245 Thread 0x000000001ce49000 redefined class name=ro.quickorder.backend.repository.ReservationRepository, count=1
Event: 8009.643 Thread 0x000000001ce49000 redefined class name=ro.quickorder.backend.repository.ReservationRepository, count=2

Internal exceptions (10 events):
Event: 13.985 Thread 0x00000000031cb000 Exception <a 'java/lang/ClassNotFoundException': ro/quickorder/backend/service/ReservationServiceTestCustomizer> (0x0000000778441808) thrown at [C:\re\workspace\8-2-build-windows-amd64-cygwin\jdk8u181\11358\hotspot\src\share\vm\classfile\systemDictionary.
Event: 14.142 Thread 0x00000000031cb000 Exception <a 'java/lang/ClassNotFoundException': java/lang/ObjectCustomizer> (0x0000000778f5f650) thrown at [C:\re\workspace\8-2-build-windows-amd64-cygwin\jdk8u181\11358\hotspot\src\share\vm\classfile\systemDictionary.cpp, line 210]
Event: 14.143 Thread 0x00000000031cb000 Exception <a 'java/lang/ClassNotFoundException': ro/quickorder/backend/model/ReservationCustomizer> (0x0000000778f850a8) thrown at [C:\re\workspace\8-2-build-windows-amd64-cygwin\jdk8u181\11358\hotspot\src\share\vm\classfile\systemDictionary.cpp, line 210
Event: 14.234 Thread 0x00000000031cb000 Exception <a 'java/lang/ClassNotFoundException': java/lang/ObjectCustomizer> (0x000000077957a400) thrown at [C:\re\workspace\8-2-build-windows-amd64-cygwin\jdk8u181\11358\hotspot\src\share\vm\classfile\systemDictionary.cpp, line 210]
Event: 14.235 Thread 0x00000000031cb000 Exception <a 'java/lang/ClassNotFoundException': ro/quickorder/backend/model/TableFoodCustomizer> (0x000000077959f490) thrown at [C:\re\workspace\8-2-build-windows-amd64-cygwin\jdk8u181\11358\hotspot\src\share\vm\classfile\systemDictionary.cpp, line 210]
Event: 14.240 Thread 0x00000000031cb000 Exception <a 'java/lang/ClassNotFoundException': java/lang/ObjectCustomizer> (0x00000007795d6e58) thrown at [C:\re\workspace\8-2-build-windows-amd64-cygwin\jdk8u181\11358\hotspot\src\share\vm\classfile\systemDictionary.cpp, line 210]
Event: 14.242 Thread 0x00000000031cb000 Exception <a 'java/lang/ClassNotFoundException': ro/quickorder/backend/model/CommandCustomizer> (0x00000007795fb4c8) thrown at [C:\re\workspace\8-2-build-windows-amd64-cygwin\jdk8u181\11358\hotspot\src\share\vm\classfile\systemDictionary.cpp, line 210]
Event: 14.321 Thread 0x00000000031cb000 Exception <a 'java/lang/NoSuchMethodError': java.lang.Object.lambda$mapIfAllPresent$6(Ljava/util/Optional;Ljava/util/function/BiFunction;Ljava/lang/Object;)Ljava/util/Optional;> (0x00000007799dcad8) thrown at [C:\re\workspace\8-2-build-windows-amd64-cygwi
Event: 14.321 Thread 0x00000000031cb000 Exception <a 'java/lang/NoSuchMethodError': java.lang.Object.lambda$null$5(Ljava/util/function/BiFunction;Ljava/lang/Object;Ljava/lang/Object;)Ljava/lang/Object;> (0x00000007799e1580) thrown at [C:\re\workspace\8-2-build-windows-amd64-cygwin\jdk8u181\1135
Event: 2011.434 Thread 0x000000002a450000 Implicit null exception at 0x0000000003c8c557 to 0x0000000003c8cbde

Events (10 events):
Event: 8009.966 Thread 0x000000001fb0f800 flushing nmethod 0x00000000042152d0
Event: 8009.966 Thread 0x000000001fb0f800 flushing nmethod 0x0000000004218fd0
Event: 8009.966 Thread 0x000000001fb0f800 flushing nmethod 0x0000000004229810
Event: 8009.966 Executing VM operation: ForceSafepoint
Event: 8009.966 Executing VM operation: ForceSafepoint done
Event: 8009.970 Executing VM operation: RevokeBias
Event: 8009.970 Executing VM operation: RevokeBias done
Event: 8009.970 Executing VM operation: ForceSafepoint
Event: 8009.971 Executing VM operation: ForceSafepoint done
Event: 8010.002 Executing VM operation: GetOrSetLocal


Dynamic libraries:
0x00007ff7bc700000 - 0x00007ff7bc737000 	C:\Program Files\Java\jdk1.8.0_181\bin\java.exe
0x00007ffd7b650000 - 0x00007ffd7b820000 	C:\Windows\SYSTEM32\ntdll.dll
0x00007ffd7b430000 - 0x00007ffd7b4dc000 	C:\Windows\System32\KERNEL32.DLL
0x00007ffd7b210000 - 0x00007ffd7b42d000 	C:\Windows\System32\KERNELBASE.dll
0x00007ffd79880000 - 0x00007ffd79922000 	C:\Windows\System32\ADVAPI32.dll
0x00007ffd79350000 - 0x00007ffd793ee000 	C:\Windows\System32\msvcrt.dll
0x00007ffd78b30000 - 0x00007ffd78b89000 	C:\Windows\System32\sechost.dll
0x00007ffd79040000 - 0x00007ffd79161000 	C:\Windows\System32\RPCRT4.dll
0x00007ffd7b4e0000 - 0x00007ffd7b645000 	C:\Windows\System32\USER32.dll
0x00007ffd783e0000 - 0x00007ffd783fe000 	C:\Windows\System32\win32u.dll
0x00007ffd7b180000 - 0x00007ffd7b1b4000 	C:\Windows\System32\GDI32.dll
0x00007ffd78400000 - 0x00007ffd78581000 	C:\Windows\System32\gdi32full.dll
0x00007ffd71070000 - 0x00007ffd712ea000 	C:\Windows\WinSxS\amd64_microsoft.windows.common-controls_6595b64144ccf1df_6.0.14393.2608_none_7ddacc7e8347078e\COMCTL32.dll
0x00007ffd79930000 - 0x00007ffd79bf5000 	C:\Windows\System32\combase.dll
0x00007ffd78280000 - 0x00007ffd78374000 	C:\Windows\System32\ucrtbase.dll
0x00007ffd78640000 - 0x00007ffd786aa000 	C:\Windows\System32\bcryptPrimitives.dll
0x00007ffd79320000 - 0x00007ffd7934e000 	C:\Windows\System32\IMM32.DLL
0x0000000058d40000 - 0x0000000058e12000 	C:\Program Files\Java\jdk1.8.0_181\jre\bin\msvcr100.dll
0x0000000057ab0000 - 0x0000000058352000 	C:\Program Files\Java\jdk1.8.0_181\jre\bin\server\jvm.dll
0x00007ffd78fb0000 - 0x00007ffd78fb8000 	C:\Windows\System32\PSAPI.DLL
0x00007ffd6ff20000 - 0x00007ffd6ff43000 	C:\Windows\SYSTEM32\WINMM.dll
0x00007ffd6fa00000 - 0x00007ffd6fa09000 	C:\Windows\SYSTEM32\WSOCK32.dll
0x00007ffd71340000 - 0x00007ffd7134a000 	C:\Windows\SYSTEM32\VERSION.dll
0x00007ffd79c00000 - 0x00007ffd79c6a000 	C:\Windows\System32\WS2_32.dll
0x0000000003010000 - 0x000000000303b000 	C:\Windows\SYSTEM32\WINMMBASE.dll
0x00007ffd786b0000 - 0x00007ffd786f2000 	C:\Windows\System32\cfgmgr32.dll
0x0000000058d30000 - 0x0000000058d3f000 	C:\Program Files\Java\jdk1.8.0_181\jre\bin\verify.dll
0x0000000058d00000 - 0x0000000058d29000 	C:\Program Files\Java\jdk1.8.0_181\jre\bin\java.dll
0x0000000058ca0000 - 0x0000000058cd5000 	C:\Program Files\Java\jdk1.8.0_181\jre\bin\jdwp.dll
0x0000000058c90000 - 0x0000000058c98000 	C:\Program Files\Java\jdk1.8.0_181\jre\bin\npt.dll
0x0000000058c60000 - 0x0000000058c83000 	C:\Program Files\Java\jdk1.8.0_181\jre\bin\instrument.dll
0x0000000058ce0000 - 0x0000000058cf6000 	C:\Program Files\Java\jdk1.8.0_181\jre\bin\zip.dll
0x00007ffd79c70000 - 0x00007ffd7b175000 	C:\Windows\System32\SHELL32.dll
0x00007ffd77ba0000 - 0x00007ffd78279000 	C:\Windows\System32\windows.storage.dll
0x00007ffd77a70000 - 0x00007ffd77abc000 	C:\Windows\System32\powrprof.dll
0x00007ffd793f0000 - 0x00007ffd79442000 	C:\Windows\System32\shlwapi.dll
0x00007ffd77ac0000 - 0x00007ffd77acf000 	C:\Windows\System32\kernel.appcore.dll
0x00007ffd788d0000 - 0x00007ffd78979000 	C:\Windows\System32\shcore.dll
0x00007ffd77ae0000 - 0x00007ffd77af4000 	C:\Windows\System32\profapi.dll
0x0000000058c50000 - 0x0000000058c59000 	C:\Program Files\Java\jdk1.8.0_181\jre\bin\dt_socket.dll
0x00007ffd773b0000 - 0x00007ffd7740c000 	C:\Windows\system32\mswsock.dll
0x0000000058c30000 - 0x0000000058c4a000 	C:\Program Files\Java\jdk1.8.0_181\jre\bin\net.dll
0x0000000058c10000 - 0x0000000058c21000 	C:\Program Files\Java\jdk1.8.0_181\jre\bin\nio.dll
0x0000000058c00000 - 0x0000000058c0d000 	C:\Program Files\Java\jdk1.8.0_181\jre\bin\management.dll
0x00007ffd6e0e0000 - 0x00007ffd6e0f6000 	C:\Windows\system32\napinsp.dll
0x00007ffd6e100000 - 0x00007ffd6e11a000 	C:\Windows\system32\pnrpnsp.dll
0x00007ffd74490000 - 0x00007ffd744a8000 	C:\Windows\system32\NLAapi.dll
0x00007ffd77170000 - 0x00007ffd77211000 	C:\Windows\SYSTEM32\DNSAPI.dll
0x00007ffd78b20000 - 0x00007ffd78b28000 	C:\Windows\System32\NSI.dll
0x00007ffd77130000 - 0x00007ffd77168000 	C:\Windows\SYSTEM32\IPHLPAPI.DLL
0x00007ffd6f8e0000 - 0x00007ffd6f8ee000 	C:\Windows\System32\winrnr.dll
0x00007ffd6e120000 - 0x00007ffd6e135000 	C:\Windows\System32\wshbth.dll
0x00007ffd70ba0000 - 0x00007ffd70baa000 	C:\Windows\System32\rasadhlp.dll
0x00007ffd75900000 - 0x00007ffd7596a000 	C:\Windows\System32\fwpuclnt.dll
0x00007ffd77660000 - 0x00007ffd7768b000 	C:\Windows\SYSTEM32\bcrypt.dll
0x00007ffd77550000 - 0x00007ffd77567000 	C:\Windows\SYSTEM32\CRYPTSP.dll
0x00007ffd76fc0000 - 0x00007ffd76ff3000 	C:\Windows\system32\rsaenh.dll
0x00007ffd77230000 - 0x00007ffd7724f000 	C:\Windows\SYSTEM32\USERENV.dll
0x00007ffd77570000 - 0x00007ffd7757b000 	C:\Windows\SYSTEM32\CRYPTBASE.dll
0x00007ffd753d0000 - 0x00007ffd753e6000 	C:\Windows\SYSTEM32\dhcpcsvc6.DLL
0x00007ffd752a0000 - 0x00007ffd752ba000 	C:\Windows\SYSTEM32\dhcpcsvc.DLL

VM Arguments:
jvm_args: -agentlib:jdwp=transport=dt_socket,address=127.0.0.1:51347,suspend=y,server=n -ea -Didea.test.cyclic.buffer.size=1048576 -javaagent:C:\Users\robert.lupoaie\.IntelliJIdea2018.2\system\captureAgent\debugger-agent.jar=file:/C:/Users/robert.lupoaie/AppData/Local/Temp/capture.props -Dfile.encoding=UTF-8 
java_command: com.intellij.rt.execution.junit.JUnitStarter -ideVersion5 -junit4 ro.quickorder.backend.service.ReservationServiceTest,testReservationsForTable
java_class_path (initial): C:\Program Files\JetBrains\IntelliJ IDEA 2018.2.5\lib\idea_rt.jar;C:\Program Files\JetBrains\IntelliJ IDEA 2018.2.5\plugins\junit\lib\junit-rt.jar;C:\Program Files\JetBrains\IntelliJ IDEA 2018.2.5\plugins\junit\lib\junit5-rt.jar;C:\Program Files\Java\jdk1.8.0_181\jre\lib\charsets.jar;C:\Program Files\Java\jdk1.8.0_181\jre\lib\deploy.jar;C:\Program Files\Java\jdk1.8.0_181\jre\lib\ext\access-bridge-64.jar;C:\Program Files\Java\jdk1.8.0_181\jre\lib\ext\cldrdata.jar;C:\Program Files\Java\jdk1.8.0_181\jre\lib\ext\dnsns.jar;C:\Program Files\Java\jdk1.8.0_181\jre\lib\ext\jaccess.jar;C:\Program Files\Java\jdk1.8.0_181\jre\lib\ext\jfxrt.jar;C:\Program Files\Java\jdk1.8.0_181\jre\lib\ext\localedata.jar;C:\Program Files\Java\jdk1.8.0_181\jre\lib\ext\nashorn.jar;C:\Program Files\Java\jdk1.8.0_181\jre\lib\ext\sunec.jar;C:\Program Files\Java\jdk1.8.0_181\jre\lib\ext\sunjce_provider.jar;C:\Program Files\Java\jdk1.8.0_181\jre\lib\ext\sunmscapi.jar;C:\Program Files\Java\jdk1.8.0_181\jre\lib\ext\sunpkcs11.jar;C:\Program Files\Java\jdk1.8.0_181\jre\lib\ext\zipfs.jar;C:\Program Files\Java\jdk1.8.0_181\jre\lib\javaws.jar;C:\Program Files\Java\jdk1.8.0_181\jre\lib\jce.jar;C:\Program Files\Java\jdk1.8.0_181\jre\lib\jfr.jar;C:\Program Files\Java\jdk1.8.0_181\jre\lib\jfxswt.jar;C:\Program Files\Java\jdk1.8.0_181\jre\lib\jsse.jar;C:\Program Files\Java\jdk1.8.0_181\jre\lib\management-agent.jar;C:\Program Files\Java\jdk1.8.0_181\jre\lib\plugin.jar;C:\Program Files\Java\jdk1.8.0_181\jre\lib\resources.jar;C:\Program Files\Java\jdk1.8.0_181\jre\lib\rt.jar;C:\Users\robert.lupoaie\Documents\GitHub\quick-order\quick-order-backend\target\test-classes;C:\Users\robert.lupoaie\Documents\GitHub\quick-order\quick-order-backend\target\classes;C:\Users\robert.lupoaie\.m2\repository\org\springframework\boot\spring-boot-starter-actuator\2.1.0.RELEASE\spring-boot-starter-actuator-2.1.0.RELEASE.jar;C:\Users\robert.lupoaie\.m2\repository\org\springframework\boot\spring-boot-starter\2
Launcher Type: SUN_STANDARD

Environment Variables:
JAVA_HOME=C:\Program Files\Java\jdk1.8.0_181
JRE_HOME=C:\Program Files\Java\jre1.8.0_181
PATH=C:\Program Files (x86)\Common Files\Oracle\Java\javapath;C:\Windows\system32;C:\Windows;C:\Windows\System32\Wbem;C:\Windows\System32\WindowsPowerShell\v1.0\;C:\Program Files\PuTTY\;C:\Windows\CCM;C:\Program Files\dotnet\;C:\Program Files\Microsoft SQL Server\130\Tools\Binn\;C:\Program Files\nodejs\;C:\Program Files\Git\cmd;C:\Program Files\Microsoft SQL Server\Client SDK\ODBC\130\Tools\Binn\;C:\Program Files (x86)\Microsoft SQL Server\140\Tools\Binn\;C:\Program Files\Microsoft SQL Server\140\Tools\Binn\;C:\Program Files\Microsoft SQL Server\140\DTS\Binn\;C:\Program Files (x86)\Microsoft SQL Server\Client SDK\ODBC\130\Tools\Binn\;C:\Program Files (x86)\Microsoft SQL Server\140\DTS\Binn\;C:\Program Files (x86)\Microsoft SQL Server\140\Tools\Binn\ManagementStudio\;C:\Program Files (x86)\GitExtensions\;C:\Users\robert.lupoaie\AppData\Local\Microsoft\WindowsApps;C:\Users\robert.lupoaie\AppData\Local\GitHubDesktop\bin;C:\Users\robert.lupoaie\AppData\Roaming\npm;C:\Users\robert.lupoaie\AppData\Local\Programs\Microsoft VS Code\bin;C:\Users\robert.lupoaie\AppData\Local\Programs\Python\Python37-32\;C:\Users\robert.lupoaie\AppData\Local\Programs\Python\Python37-32\Scripts\
USERNAME=robert.lupoaie
OS=Windows_NT
PROCESSOR_IDENTIFIER=Intel64 Family 6 Model 142 Stepping 10, GenuineIntel



---------------  S Y S T E M  ---------------

OS: Windows 10.0 , 64 bit Build 14393 (10.0.14393.2608)

CPU:total 8 (initial active 8) (4 cores per cpu, 2 threads per core) family 6 model 142 stepping 10, cmov, cx8, fxsr, mmx, sse, sse2, sse3, ssse3, sse4.1, sse4.2, popcnt, avx, avx2, aes, clmul, erms, rtm, 3dnowpref, lzcnt, ht, tsc, tscinvbit, bmi1, bmi2, adx

Memory: 4k page, physical 16634820k(9094856k free), swap 20829124k(7891064k free)

vm_info: Java HotSpot(TM) 64-Bit Server VM (25.181-b13) for windows-amd64 JRE (1.8.0_181-b13), built on Jul  7 2018 04:01:33 by "java_re" with MS VC++ 10.0 (VS2010)

time: Tue Mar 26 10:48:55 2019
elapsed time: 8010 seconds (0d 2h 13m 30s)

