#
# A fatal error has been detected by the Java Runtime Environment:
#
#  Internal Error (javaCalls.cpp:51), pid=16456, tid=0x00000000000000c8
#  guarantee(thread->is_Java_thread()) failed: crucial check - the VM thread cannot and must not escape to Java code
#
# JRE version: Java(TM) SE Runtime Environment (8.0_181-b13) (build 1.8.0_181-b13)
# Java VM: Java HotSpot(TM) 64-Bit Server VM (25.181-b13 mixed mode windows-amd64 compressed oops)
# Failed to write core dump. Minidumps are not enabled by default on client versions of Windows
#
# If you would like to submit a bug report, please visit:
#   http://bugreport.java.com/bugreport/crash.jsp
#

---------------  T H R E A D  ---------------

Current thread (0x000000001c787800):  VMThread [stack: 0x000000001e480000,0x000000001e580000] [id=200]

Stack: [0x000000001e480000,0x000000001e580000]
[error occurred during error reporting (printing stack bounds), id 0xc0000005]

Native frames: (J=compiled Java code, j=interpreted, Vv=VM code, C=native code)

VM_Operation (0x000000001ef6f750): GetOrSetLocal, mode: safepoint, requested by thread 0x000000001e6cd800


---------------  P R O C E S S  ---------------

Java Threads: ( => current thread )
  0x00000000251ef800 JavaThread "SimplePauseDetectorThread_0" daemon [_thread_blocked, id=12756, stack(0x000000002e270000,0x000000002e370000)]
  0x00000000251f1000 JavaThread "Thread-2" daemon [_thread_blocked, id=14296, stack(0x000000002dbe0000,0x000000002dce0000)]
  0x000000002bbca000 JavaThread "HikariPool-1 housekeeper" daemon [_thread_blocked, id=3784, stack(0x0000000026e60000,0x0000000026f60000)]
  0x000000001f516000 JavaThread "Service Thread" daemon [_thread_blocked, id=13980, stack(0x000000001fd70000,0x000000001fe70000)]
  0x000000001f3ee800 JavaThread "C1 CompilerThread3" daemon [_thread_blocked, id=16868, stack(0x000000001fc70000,0x000000001fd70000)]
  0x000000001f3ee000 JavaThread "C2 CompilerThread2" daemon [_thread_blocked, id=14408, stack(0x000000001fb70000,0x000000001fc70000)]
  0x000000001f3ed000 JavaThread "C2 CompilerThread1" daemon [_thread_blocked, id=17580, stack(0x000000001fa70000,0x000000001fb70000)]
  0x000000001f3ea000 JavaThread "C2 CompilerThread0" daemon [_thread_blocked, id=17780, stack(0x000000001f970000,0x000000001fa70000)]
  0x000000001e6cf800 JavaThread "JDWP Command Reader" daemon [_thread_in_native, id=6908, stack(0x000000001f070000,0x000000001f170000)]
  0x000000001e6ce800 JavaThread "JDWP Event Helper Thread" daemon [_thread_blocked, id=8780, stack(0x000000001ef70000,0x000000001f070000)]
  0x000000001e6cd800 JavaThread "JDWP Transport Listener: dt_socket" daemon [_thread_blocked, id=6276, stack(0x000000001ee70000,0x000000001ef70000)]
  0x000000001e6b8000 JavaThread "Attach Listener" daemon [_thread_blocked, id=15512, stack(0x000000001ed70000,0x000000001ee70000)]
  0x000000001e6b7000 JavaThread "Signal Dispatcher" daemon [_thread_blocked, id=12788, stack(0x000000001ec70000,0x000000001ed70000)]
  0x000000001c798800 JavaThread "Finalizer" daemon [_thread_blocked, id=18316, stack(0x000000001ea80000,0x000000001eb80000)]
  0x000000001c791800 JavaThread "Reference Handler" daemon [_thread_blocked, id=14544, stack(0x000000001e580000,0x000000001e680000)]
  0x0000000002afb000 JavaThread "main" [_thread_blocked, id=3728, stack(0x00000000029c0000,0x0000000002ac0000)]

Other Threads:
=>0x000000001c787800 VMThread [stack: 0x000000001e480000,0x000000001e580000] [id=200]
  0x000000001f49e000 WatcherThread [stack: 0x000000001fe70000,0x000000001ff70000] [id=796]

VM state:at safepoint (normal execution)

VM Mutex/Monitor currently owned by a thread:  ([mutex/lock_event])
[0x0000000002af19d0] Threads_lock - owner thread: 0x000000001c787800

Heap:
 PSYoungGen      total 351232K, used 31340K [0x000000076b600000, 0x0000000786400000, 0x00000007c0000000)
  eden space 333312K, 4% used [0x000000076b600000,0x000000076c601048,0x000000077fb80000)
  from space 17920K, 83% used [0x000000077fb80000,0x0000000780a1a0d0,0x0000000780d00000)
  to   space 18944K, 0% used [0x0000000785180000,0x0000000785180000,0x0000000786400000)
 ParOldGen       total 210944K, used 31367K [0x00000006c2200000, 0x00000006cf000000, 0x000000076b600000)
  object space 210944K, 14% used [0x00000006c2200000,0x00000006c40a1c40,0x00000006cf000000)
 Metaspace       used 68964K, capacity 71998K, committed 72152K, reserved 1112064K
  class space    used 9403K, capacity 9930K, committed 9984K, reserved 1048576K

Card table byte_map: [0x0000000012130000,0x0000000012920000] byte_map_base: 0x000000000eb1f000

Marking Bits: (ParMarkBitMap*) 0x000000005ffd2d00
 Begin Bits: [0x0000000013670000, 0x00000000175e8000)
 End Bits:   [0x00000000175e8000, 0x000000001b560000)

Polling page: 0x0000000001090000

CodeCache: size=245760Kb used=27094Kb max_used=27858Kb free=218665Kb
 bounds [0x0000000002d70000, 0x00000000048c0000, 0x0000000011d70000]
 total_blobs=7068 nmethods=6496 adapters=491
 compilation: enabled

Compilation events (10 events):
Event: 46.391 Thread 0x000000001f3ee800 7556       1       org.hibernate.engine.internal.AbstractEntityEntry$EnumState::getOffset (5 bytes)
Event: 46.391 Thread 0x000000001f3ee800 nmethod 7556 0x000000000380ac90 code [0x000000000380ade0, 0x000000000380aef0]
Event: 46.393 Thread 0x000000001f3ee800 7557       3       org.jboss.logging.DelegatingBasicLogger::trace (13 bytes)
Event: 46.393 Thread 0x000000001f3ee800 nmethod 7557 0x000000000380a6d0 code [0x000000000380a840, 0x000000000380ab88]
Event: 46.393 Thread 0x000000001f3ee800 7558       3       org.jboss.logging.Logger::trace (12 bytes)
Event: 46.394 Thread 0x000000001f3ee800 nmethod 7558 0x000000000380a250 code [0x000000000380a3c0, 0x000000000380a608]
Event: 46.400 Thread 0x000000001f3ed000 nmethod 7548 0x00000000038069d0 code [0x0000000003806c40, 0x00000000038079f8]
Event: 46.785 Thread 0x000000001f3ea000 nmethod 7514 0x00000000042bcbd0 code [0x00000000042bd0a0, 0x00000000042c7140]
Event: 46.934 Thread 0x000000001f3ee000 7559       4       org.springframework.transaction.annotation.SpringTransactionAnnotationParser::parseTransactionAnnotation (21 bytes)
Event: 46.943 Thread 0x000000001f3ee000 nmethod 7559 0x0000000002f57d50 code [0x0000000002f57f00, 0x0000000002f582b0]

GC Heap History (10 events):
Event: 23.859 GC heap before
{Heap before GC invocations=10 (full 2):
 PSYoungGen      total 176128K, used 161792K [0x000000076b600000, 0x000000077e200000, 0x00000007c0000000)
  eden space 161792K, 100% used [0x000000076b600000,0x0000000775400000,0x0000000775400000)
  from space 14336K, 0% used [0x0000000775400000,0x0000000775400000,0x0000000776200000)
  to   space 15360K, 0% used [0x000000077d300000,0x000000077d300000,0x000000077e200000)
 ParOldGen       total 153088K, used 17691K [0x00000006c2200000, 0x00000006cb780000, 0x000000076b600000)
  object space 153088K, 11% used [0x00000006c2200000,0x00000006c3346f00,0x00000006cb780000)
 Metaspace       used 48090K, capacity 49500K, committed 49752K, reserved 1091584K
  class space    used 6475K, capacity 6773K, committed 6784K, reserved 1048576K
Event: 23.885 GC heap after
Heap after GC invocations=10 (full 2):
 PSYoungGen      total 268288K, used 14118K [0x000000076b600000, 0x000000077e100000, 0x00000007c0000000)
  eden space 253952K, 0% used [0x000000076b600000,0x000000076b600000,0x000000077ae00000)
  from space 14336K, 98% used [0x000000077d300000,0x000000077e0c9bb8,0x000000077e100000)
  to   space 16896K, 0% used [0x000000077c000000,0x000000077c000000,0x000000077d080000)
 ParOldGen       total 153088K, used 17699K [0x00000006c2200000, 0x00000006cb780000, 0x000000076b600000)
  object space 153088K, 11% used [0x00000006c2200000,0x00000006c3348f00,0x00000006cb780000)
 Metaspace       used 48090K, capacity 49500K, committed 49752K, reserved 1091584K
  class space    used 6475K, capacity 6773K, committed 6784K, reserved 1048576K
}
Event: 29.089 GC heap before
{Heap before GC invocations=11 (full 2):
 PSYoungGen      total 268288K, used 222318K [0x000000076b600000, 0x000000077e100000, 0x00000007c0000000)
  eden space 253952K, 81% used [0x000000076b600000,0x0000000778151df8,0x000000077ae00000)
  from space 14336K, 98% used [0x000000077d300000,0x000000077e0c9bb8,0x000000077e100000)
  to   space 16896K, 0% used [0x000000077c000000,0x000000077c000000,0x000000077d080000)
 ParOldGen       total 153088K, used 17699K [0x00000006c2200000, 0x00000006cb780000, 0x000000076b600000)
  object space 153088K, 11% used [0x00000006c2200000,0x00000006c3348f00,0x00000006cb780000)
 Metaspace       used 56935K, capacity 58964K, committed 59028K, reserved 1099776K
  class space    used 7642K, capacity 8045K, committed 8064K, reserved 1048576K
Event: 29.117 GC heap after
Heap after GC invocations=11 (full 2):
 PSYoungGen      total 289280K, used 15828K [0x000000076b600000, 0x0000000781f00000, 0x00000007c0000000)
  eden space 272384K, 0% used [0x000000076b600000,0x000000076b600000,0x000000077c000000)
  from space 16896K, 93% used [0x000000077c000000,0x000000077cf75058,0x000000077d080000)
  to   space 18432K, 0% used [0x0000000780d00000,0x0000000780d00000,0x0000000781f00000)
 ParOldGen       total 153088K, used 17707K [0x00000006c2200000, 0x00000006cb780000, 0x000000076b600000)
  object space 153088K, 11% used [0x00000006c2200000,0x00000006c334af00,0x00000006cb780000)
 Metaspace       used 56935K, capacity 58964K, committed 59028K, reserved 1099776K
  class space    used 7642K, capacity 8045K, committed 8064K, reserved 1048576K
}
Event: 29.117 GC heap before
{Heap before GC invocations=12 (full 3):
 PSYoungGen      total 289280K, used 15828K [0x000000076b600000, 0x0000000781f00000, 0x00000007c0000000)
  eden space 272384K, 0% used [0x000000076b600000,0x000000076b600000,0x000000077c000000)
  from space 16896K, 93% used [0x000000077c000000,0x000000077cf75058,0x000000077d080000)
  to   space 18432K, 0% used [0x0000000780d00000,0x0000000780d00000,0x0000000781f00000)
 ParOldGen       total 153088K, used 17707K [0x00000006c2200000, 0x00000006cb780000, 0x000000076b600000)
  object space 153088K, 11% used [0x00000006c2200000,0x00000006c334af00,0x00000006cb780000)
 Metaspace       used 56935K, capacity 58964K, committed 59028K, reserved 1099776K
  class space    used 7642K, capacity 8045K, committed 8064K, reserved 1048576K
Event: 29.509 GC heap after
Heap after GC invocations=12 (full 3):
 PSYoungGen      total 289280K, used 0K [0x000000076b600000, 0x0000000781f00000, 0x00000007c0000000)
  eden space 272384K, 0% used [0x000000076b600000,0x000000076b600000,0x000000077c000000)
  from space 16896K, 0% used [0x000000077c000000,0x000000077c000000,0x000000077d080000)
  to   space 18432K, 0% used [0x0000000780d00000,0x0000000780d00000,0x0000000781f00000)
 ParOldGen       total 210944K, used 31351K [0x00000006c2200000, 0x00000006cf000000, 0x000000076b600000)
  object space 210944K, 14% used [0x00000006c2200000,0x00000006c409dc40,0x00000006cf000000)
 Metaspace       used 56935K, capacity 58964K, committed 59028K, reserved 1099776K
  class space    used 7642K, capacity 8045K, committed 8064K, reserved 1048576K
}
Event: 37.203 GC heap before
{Heap before GC invocations=13 (full 3):
 PSYoungGen      total 289280K, used 272384K [0x000000076b600000, 0x0000000781f00000, 0x00000007c0000000)
  eden space 272384K, 100% used [0x000000076b600000,0x000000077c000000,0x000000077c000000)
  from space 16896K, 0% used [0x000000077c000000,0x000000077c000000,0x000000077d080000)
  to   space 18432K, 0% used [0x0000000780d00000,0x0000000780d00000,0x0000000781f00000)
 ParOldGen       total 210944K, used 31351K [0x00000006c2200000, 0x00000006cf000000, 0x000000076b600000)
  object space 210944K, 14% used [0x00000006c2200000,0x00000006c409dc40,0x00000006cf000000)
 Metaspace       used 60950K, capacity 63256K, committed 63576K, reserved 1103872K
  class space    used 8279K, capacity 8719K, committed 8832K, reserved 1048576K
Event: 37.238 GC heap after
Heap after GC invocations=13 (full 3):
 PSYoungGen      total 351744K, used 9869K [0x000000076b600000, 0x0000000782180000, 0x00000007c0000000)
  eden space 333312K, 0% used [0x000000076b600000,0x000000076b600000,0x000000077fb80000)
  from space 18432K, 53% used [0x0000000780d00000,0x00000007816a3638,0x0000000781f00000)
  to   space 17920K, 0% used [0x000000077fb80000,0x000000077fb80000,0x0000000780d00000)
 ParOldGen       total 210944K, used 31359K [0x00000006c2200000, 0x00000006cf000000, 0x000000076b600000)
  object space 210944K, 14% used [0x00000006c2200000,0x00000006c409fc40,0x00000006cf000000)
 Metaspace       used 60950K, capacity 63256K, committed 63576K, reserved 1103872K
  class space    used 8279K, capacity 8719K, committed 8832K, reserved 1048576K
}
Event: 46.104 GC heap before
{Heap before GC invocations=14 (full 3):
 PSYoungGen      total 351744K, used 343181K [0x000000076b600000, 0x0000000782180000, 0x00000007c0000000)
  eden space 333312K, 100% used [0x000000076b600000,0x000000077fb80000,0x000000077fb80000)
  from space 18432K, 53% used [0x0000000780d00000,0x00000007816a3638,0x0000000781f00000)
  to   space 17920K, 0% used [0x000000077fb80000,0x000000077fb80000,0x0000000780d00000)
 ParOldGen       total 210944K, used 31359K [0x00000006c2200000, 0x00000006cf000000, 0x000000076b600000)
  object space 210944K, 14% used [0x00000006c2200000,0x00000006c409fc40,0x00000006cf000000)
 Metaspace       used 68381K, capacity 71388K, committed 71640K, reserved 1112064K
  class space    used 9342K, capacity 9859K, committed 9984K, reserved 1048576K
Event: 46.141 GC heap after
Heap after GC invocations=14 (full 3):
 PSYoungGen      total 351232K, used 14952K [0x000000076b600000, 0x0000000786400000, 0x00000007c0000000)
  eden space 333312K, 0% used [0x000000076b600000,0x000000076b600000,0x000000077fb80000)
  from space 17920K, 83% used [0x000000077fb80000,0x0000000780a1a0d0,0x0000000780d00000)
  to   space 18944K, 0% used [0x0000000785180000,0x0000000785180000,0x0000000786400000)
 ParOldGen       total 210944K, used 31367K [0x00000006c2200000, 0x00000006cf000000, 0x000000076b600000)
  object space 210944K, 14% used [0x00000006c2200000,0x00000006c40a1c40,0x00000006cf000000)
 Metaspace       used 68381K, capacity 71388K, committed 71640K, reserved 1112064K
  class space    used 9342K, capacity 9859K, committed 9984K, reserved 1048576K
}

Deoptimization events (10 events):
Event: 45.934 Thread 0x0000000002afb000 Uncommon trap: reason=bimorphic action=maybe_recompile pc=0x00000000047312c8 method=java.util.regex.Pattern$5.isSatisfiedBy(I)Z @ 16
Event: 45.934 Thread 0x0000000002afb000 Uncommon trap: reason=bimorphic action=maybe_recompile pc=0x00000000047312c8 method=java.util.regex.Pattern$5.isSatisfiedBy(I)Z @ 16
Event: 45.935 Thread 0x0000000002afb000 Uncommon trap: reason=bimorphic action=maybe_recompile pc=0x00000000047312c8 method=java.util.regex.Pattern$5.isSatisfiedBy(I)Z @ 16
Event: 45.935 Thread 0x0000000002afb000 Uncommon trap: reason=bimorphic action=maybe_recompile pc=0x00000000047312c8 method=java.util.regex.Pattern$5.isSatisfiedBy(I)Z @ 16
Event: 45.935 Thread 0x0000000002afb000 Uncommon trap: reason=unstable_if action=reinterpret pc=0x00000000047488f0 method=java.util.regex.Pattern$Curly.match0(Ljava/util/regex/Matcher;IILjava/lang/CharSequence;)Z @ 5
Event: 45.935 Thread 0x0000000002afb000 Uncommon trap: reason=unstable_if action=reinterpret pc=0x0000000003eb00c4 method=java.util.regex.Pattern$Curly.match0(Ljava/util/regex/Matcher;IILjava/lang/CharSequence;)Z @ 5
Event: 46.143 Thread 0x000000001f516000 Uncommon trap: reason=class_check action=maybe_recompile pc=0x0000000003f79de0 method=java.util.stream.StreamOpFlag.fromCharacteristics(Ljava/util/Spliterator;)I @ 14
Event: 46.143 Thread 0x000000001f516000 Uncommon trap: reason=class_check action=maybe_recompile pc=0x0000000003f60288 method=java.util.stream.StreamOpFlag.fromCharacteristics(Ljava/util/Spliterator;)I @ 14
Event: 46.143 Thread 0x000000001f516000 Uncommon trap: reason=class_check action=maybe_recompile pc=0x0000000003425d74 method=java.util.stream.StreamOpFlag.fromCharacteristics(Ljava/util/Spliterator;)I @ 14
Event: 46.278 Thread 0x0000000002afb000 Uncommon trap: reason=unstable_if action=reinterpret pc=0x0000000003ee7088 method=org.h2.command.Parser.read()V @ 143

Classes redefined (3 events):
Event: 349.161 Thread 0x000000001c787800 redefined class name=ro.quickorder.backend.resource.UsersResourceTest, count=1
Event: 2075.081 Thread 0x000000001c787800 redefined class name=ro.quickorder.backend.resource.UsersResourceTest, count=2
Event: 2207.448 Thread 0x000000001c787800 redefined class name=ro.quickorder.backend.resource.UsersResourceTest, count=3

Internal exceptions (10 events):
Event: 44.921 Thread 0x0000000002afb000 Exception <a 'java/lang/ClassNotFoundException': java/security/PrincipalBeanInfo> (0x000000077d9a0e50) thrown at [C:\re\workspace\8-2-build-windows-amd64-cygwin\jdk8u181\11358\hotspot\src\share\vm\classfile\systemDictionary.cpp, line 210]
Event: 44.922 Thread 0x0000000002afb000 Exception <a 'java/lang/ClassNotFoundException': java/security/PrincipalCustomizer> (0x000000077d9ae648) thrown at [C:\re\workspace\8-2-build-windows-amd64-cygwin\jdk8u181\11358\hotspot\src\share\vm\classfile\systemDictionary.cpp, line 210]
Event: 45.153 Thread 0x0000000002afb000 Exception <a 'java/lang/ClassNotFoundException': java/lang/ObjectCustomizer> (0x000000077e0b84c8) thrown at [C:\re\workspace\8-2-build-windows-amd64-cygwin\jdk8u181\11358\hotspot\src\share\vm\classfile\systemDictionary.cpp, line 210]
Event: 45.158 Thread 0x0000000002afb000 Exception <a 'java/lang/ClassNotFoundException': ro/quickorder/backend/resource/UsersResourceTestCustomizer> (0x000000077e0e1050) thrown at [C:\re\workspace\8-2-build-windows-amd64-cygwin\jdk8u181\11358\hotspot\src\share\vm\classfile\systemDictionary.cpp,
Event: 45.460 Thread 0x0000000002afb000 Exception <a 'java/lang/ClassNotFoundException': java/lang/ObjectCustomizer> (0x000000077ebf72f0) thrown at [C:\re\workspace\8-2-build-windows-amd64-cygwin\jdk8u181\11358\hotspot\src\share\vm\classfile\systemDictionary.cpp, line 210]
Event: 45.462 Thread 0x0000000002afb000 Exception <a 'java/lang/ClassNotFoundException': ro/quickorder/backend/model/UserAttributeCustomizer> (0x000000077ec1e9a8) thrown at [C:\re\workspace\8-2-build-windows-amd64-cygwin\jdk8u181\11358\hotspot\src\share\vm\classfile\systemDictionary.cpp, line 2
Event: 45.647 Thread 0x0000000002afb000 Exception <a 'java/lang/ClassNotFoundException': java/lang/ObjectCustomizer> (0x000000077f066268) thrown at [C:\re\workspace\8-2-build-windows-amd64-cygwin\jdk8u181\11358\hotspot\src\share\vm\classfile\systemDictionary.cpp, line 210]
Event: 45.653 Thread 0x0000000002afb000 Exception <a 'java/lang/ClassNotFoundException': ro/quickorder/backend/model/UserCustomizer> (0x000000077f0882f8) thrown at [C:\re\workspace\8-2-build-windows-amd64-cygwin\jdk8u181\11358\hotspot\src\share\vm\classfile\systemDictionary.cpp, line 210]
Event: 46.262 Thread 0x0000000002afb000 Exception <a 'java/lang/NoSuchMethodError': java.lang.Object.lambda$mapIfAllPresent$6(Ljava/util/Optional;Ljava/util/function/BiFunction;Ljava/lang/Object;)Ljava/util/Optional;> (0x000000076bbd7f08) thrown at [C:\re\workspace\8-2-build-windows-amd64-cygwi
Event: 46.263 Thread 0x0000000002afb000 Exception <a 'java/lang/NoSuchMethodError': java.lang.Object.lambda$null$5(Ljava/util/function/BiFunction;Ljava/lang/Object;Ljava/lang/Object;)Ljava/lang/Object;> (0x000000076bbdc9b0) thrown at [C:\re\workspace\8-2-build-windows-amd64-cygwin\jdk8u181\1135

Events (10 events):
Event: 2075.901 Executing VM operation: GetOrSetLocal done
Event: 2075.909 Executing VM operation: GetOrSetLocal
Event: 2075.909 Executing VM operation: GetOrSetLocal done
Event: 2194.094 Executing VM operation: ChangeBreakpoints
Event: 2194.105 Executing VM operation: ChangeBreakpoints done
Event: 2207.313 Executing VM operation: ChangeBreakpoints
Event: 2207.313 Executing VM operation: ChangeBreakpoints done
Event: 2207.329 Executing VM operation: RedefineClasses
Event: 2207.451 Executing VM operation: RedefineClasses done
Event: 2207.458 Executing VM operation: GetOrSetLocal


Dynamic libraries:
0x00007ff70dbc0000 - 0x00007ff70dbf7000 	C:\Program Files\Java\jdk1.8.0_181\bin\java.exe
0x00007ffdd57d0000 - 0x00007ffdd59a0000 	C:\Windows\SYSTEM32\ntdll.dll
0x00007ffdd55b0000 - 0x00007ffdd565c000 	C:\Windows\System32\KERNEL32.DLL
0x00007ffdd5390000 - 0x00007ffdd55ad000 	C:\Windows\System32\KERNELBASE.dll
0x00007ffdd34a0000 - 0x00007ffdd3542000 	C:\Windows\System32\ADVAPI32.dll
0x00007ffdd4e50000 - 0x00007ffdd4eee000 	C:\Windows\System32\msvcrt.dll
0x00007ffdd2dd0000 - 0x00007ffdd2e29000 	C:\Windows\System32\sechost.dll
0x00007ffdd3620000 - 0x00007ffdd3741000 	C:\Windows\System32\RPCRT4.dll
0x00007ffdd5660000 - 0x00007ffdd57c5000 	C:\Windows\System32\USER32.dll
0x00007ffdd1c70000 - 0x00007ffdd1c8e000 	C:\Windows\System32\win32u.dll
0x00007ffdd3780000 - 0x00007ffdd37b4000 	C:\Windows\System32\GDI32.dll
0x00007ffdd1c90000 - 0x00007ffdd1e11000 	C:\Windows\System32\gdi32full.dll
0x00007ffdcc480000 - 0x00007ffdcc6fa000 	C:\Windows\WinSxS\amd64_microsoft.windows.common-controls_6595b64144ccf1df_6.0.14393.2608_none_7ddacc7e8347078e\COMCTL32.dll
0x00007ffdd2af0000 - 0x00007ffdd2db5000 	C:\Windows\System32\combase.dll
0x00007ffdd2250000 - 0x00007ffdd2344000 	C:\Windows\System32\ucrtbase.dll
0x00007ffdd2a80000 - 0x00007ffdd2aea000 	C:\Windows\System32\bcryptPrimitives.dll
0x00007ffdd3750000 - 0x00007ffdd377e000 	C:\Windows\System32\IMM32.DLL
0x0000000060060000 - 0x0000000060132000 	C:\Program Files\Java\jdk1.8.0_181\jre\bin\msvcr100.dll
0x000000005f7b0000 - 0x0000000060052000 	C:\Program Files\Java\jdk1.8.0_181\jre\bin\server\jvm.dll
0x00007ffdd4ef0000 - 0x00007ffdd4ef8000 	C:\Windows\System32\PSAPI.DLL
0x00007ffdc64c0000 - 0x00007ffdc64c9000 	C:\Windows\SYSTEM32\WSOCK32.dll
0x00007ffdcb970000 - 0x00007ffdcb993000 	C:\Windows\SYSTEM32\WINMM.dll
0x00007ffdcc700000 - 0x00007ffdcc70a000 	C:\Windows\SYSTEM32\VERSION.dll
0x00007ffdd35b0000 - 0x00007ffdd361a000 	C:\Windows\System32\WS2_32.dll
0x0000000002950000 - 0x000000000297b000 	C:\Windows\SYSTEM32\WINMMBASE.dll
0x00007ffdd2350000 - 0x00007ffdd2392000 	C:\Windows\System32\cfgmgr32.dll
0x000000005f7a0000 - 0x000000005f7af000 	C:\Program Files\Java\jdk1.8.0_181\jre\bin\verify.dll
0x000000005f770000 - 0x000000005f799000 	C:\Program Files\Java\jdk1.8.0_181\jre\bin\java.dll
0x000000005f5b0000 - 0x000000005f5e5000 	C:\Program Files\Java\jdk1.8.0_181\jre\bin\jdwp.dll
0x000000005f5a0000 - 0x000000005f5a8000 	C:\Program Files\Java\jdk1.8.0_181\jre\bin\npt.dll
0x000000005f740000 - 0x000000005f763000 	C:\Program Files\Java\jdk1.8.0_181\jre\bin\instrument.dll
0x000000005f720000 - 0x000000005f736000 	C:\Program Files\Java\jdk1.8.0_181\jre\bin\zip.dll
0x00007ffdd3840000 - 0x00007ffdd4d45000 	C:\Windows\System32\SHELL32.dll
0x00007ffdd23a0000 - 0x00007ffdd2a79000 	C:\Windows\System32\windows.storage.dll
0x00007ffdd1be0000 - 0x00007ffdd1c2c000 	C:\Windows\System32\powrprof.dll
0x00007ffdd3550000 - 0x00007ffdd35a2000 	C:\Windows\System32\shlwapi.dll
0x00007ffdd1c30000 - 0x00007ffdd1c3f000 	C:\Windows\System32\kernel.appcore.dll
0x00007ffdd2050000 - 0x00007ffdd20f9000 	C:\Windows\System32\shcore.dll
0x00007ffdd1c50000 - 0x00007ffdd1c64000 	C:\Windows\System32\profapi.dll
0x000000005f590000 - 0x000000005f599000 	C:\Program Files\Java\jdk1.8.0_181\jre\bin\dt_socket.dll
0x00007ffdd1520000 - 0x00007ffdd157c000 	C:\Windows\system32\mswsock.dll
0x000000005f700000 - 0x000000005f71a000 	C:\Program Files\Java\jdk1.8.0_181\jre\bin\net.dll
0x000000005f6d0000 - 0x000000005f6e1000 	C:\Program Files\Java\jdk1.8.0_181\jre\bin\nio.dll
0x000000005f6f0000 - 0x000000005f6fd000 	C:\Program Files\Java\jdk1.8.0_181\jre\bin\management.dll
0x00007ffdc9da0000 - 0x00007ffdc9db6000 	C:\Windows\system32\napinsp.dll
0x00007ffdc9dc0000 - 0x00007ffdc9dda000 	C:\Windows\system32\pnrpnsp.dll
0x00007ffdceb00000 - 0x00007ffdceb18000 	C:\Windows\system32\NLAapi.dll
0x00007ffdd12e0000 - 0x00007ffdd1381000 	C:\Windows\SYSTEM32\DNSAPI.dll
0x00007ffdd5330000 - 0x00007ffdd5338000 	C:\Windows\System32\NSI.dll
0x00007ffdd12a0000 - 0x00007ffdd12d8000 	C:\Windows\SYSTEM32\IPHLPAPI.DLL
0x00007ffdcb7b0000 - 0x00007ffdcb7be000 	C:\Windows\System32\winrnr.dll
0x00007ffdcb7c0000 - 0x00007ffdcb7d5000 	C:\Windows\System32\wshbth.dll
0x00007ffdcd730000 - 0x00007ffdcd73a000 	C:\Windows\System32\rasadhlp.dll
0x00007ffdcedd0000 - 0x00007ffdcee3a000 	C:\Windows\System32\fwpuclnt.dll
0x00007ffdd1a60000 - 0x00007ffdd1a8b000 	C:\Windows\SYSTEM32\bcrypt.dll
0x00007ffdd16c0000 - 0x00007ffdd16d7000 	C:\Windows\SYSTEM32\CRYPTSP.dll
0x00007ffdd1130000 - 0x00007ffdd1163000 	C:\Windows\system32\rsaenh.dll
0x00007ffdd13a0000 - 0x00007ffdd13bf000 	C:\Windows\SYSTEM32\USERENV.dll
0x00007ffdd16e0000 - 0x00007ffdd16eb000 	C:\Windows\SYSTEM32\CRYPTBASE.dll
0x00007ffdcf310000 - 0x00007ffdcf326000 	C:\Windows\SYSTEM32\dhcpcsvc6.DLL
0x00007ffdcf2d0000 - 0x00007ffdcf2ea000 	C:\Windows\SYSTEM32\dhcpcsvc.DLL

VM Arguments:
jvm_args: -agentlib:jdwp=transport=dt_socket,address=127.0.0.1:61384,suspend=y,server=n -ea -Didea.test.cyclic.buffer.size=1048576 -javaagent:C:\Users\robert.lupoaie\.IntelliJIdea2018.2\system\captureAgent\debugger-agent.jar=file:/C:/Users/robert.lupoaie/AppData/Local/Temp/capture.props -Dfile.encoding=UTF-8 
java_command: com.intellij.rt.execution.junit.JUnitStarter -ideVersion5 -junit4 ro.quickorder.backend.resource.UsersResourceTest,testSetPreference
java_class_path (initial): C:\Program Files\JetBrains\IntelliJ IDEA 2018.2.5\lib\idea_rt.jar;C:\Program Files\JetBrains\IntelliJ IDEA 2018.2.5\plugins\junit\lib\junit-rt.jar;C:\Program Files\JetBrains\IntelliJ IDEA 2018.2.5\plugins\junit\lib\junit5-rt.jar;C:\Program Files\Java\jdk1.8.0_181\jre\lib\charsets.jar;C:\Program Files\Java\jdk1.8.0_181\jre\lib\deploy.jar;C:\Program Files\Java\jdk1.8.0_181\jre\lib\ext\access-bridge-64.jar;C:\Program Files\Java\jdk1.8.0_181\jre\lib\ext\cldrdata.jar;C:\Program Files\Java\jdk1.8.0_181\jre\lib\ext\dnsns.jar;C:\Program Files\Java\jdk1.8.0_181\jre\lib\ext\jaccess.jar;C:\Program Files\Java\jdk1.8.0_181\jre\lib\ext\jfxrt.jar;C:\Program Files\Java\jdk1.8.0_181\jre\lib\ext\localedata.jar;C:\Program Files\Java\jdk1.8.0_181\jre\lib\ext\nashorn.jar;C:\Program Files\Java\jdk1.8.0_181\jre\lib\ext\sunec.jar;C:\Program Files\Java\jdk1.8.0_181\jre\lib\ext\sunjce_provider.jar;C:\Program Files\Java\jdk1.8.0_181\jre\lib\ext\sunmscapi.jar;C:\Program Files\Java\jdk1.8.0_181\jre\lib\ext\sunpkcs11.jar;C:\Program Files\Java\jdk1.8.0_181\jre\lib\ext\zipfs.jar;C:\Program Files\Java\jdk1.8.0_181\jre\lib\javaws.jar;C:\Program Files\Java\jdk1.8.0_181\jre\lib\jce.jar;C:\Program Files\Java\jdk1.8.0_181\jre\lib\jfr.jar;C:\Program Files\Java\jdk1.8.0_181\jre\lib\jfxswt.jar;C:\Program Files\Java\jdk1.8.0_181\jre\lib\jsse.jar;C:\Program Files\Java\jdk1.8.0_181\jre\lib\management-agent.jar;C:\Program Files\Java\jdk1.8.0_181\jre\lib\plugin.jar;C:\Program Files\Java\jdk1.8.0_181\jre\lib\resources.jar;C:\Program Files\Java\jdk1.8.0_181\jre\lib\rt.jar;C:\Users\robert.lupoaie\Documents\GitHub\quick-order\quick-order-backend\target\test-classes;C:\Users\robert.lupoaie\Documents\GitHub\quick-order\quick-order-backend\target\classes;C:\Users\robert.lupoaie\.m2\repository\org\springframework\boot\spring-boot-starter-actuator\2.1.0.RELEASE\spring-boot-starter-actuator-2.1.0.RELEASE.jar;C:\Users\robert.lupoaie\.m2\repository\org\springframework\boot\spring-boot-starter\2
Launcher Type: SUN_STANDARD

Environment Variables:
JAVA_HOME=C:\Program Files\Java\jdk1.8.0_181
JRE_HOME=C:\Program Files\Java\jre1.8.0_181
PATH=C:\Program Files (x86)\Common Files\Oracle\Java\javapath;C:\Windows\system32;C:\Windows;C:\Windows\System32\Wbem;C:\Windows\System32\WindowsPowerShell\v1.0\;C:\Program Files\PuTTY\;C:\Windows\CCM;C:\Program Files\dotnet\;C:\Program Files\Microsoft SQL Server\130\Tools\Binn\;C:\Program Files\nodejs\;C:\Program Files\Git\cmd;C:\Program Files\Microsoft SQL Server\Client SDK\ODBC\130\Tools\Binn\;C:\Program Files (x86)\Microsoft SQL Server\140\Tools\Binn\;C:\Program Files\Microsoft SQL Server\140\Tools\Binn\;C:\Program Files\Microsoft SQL Server\140\DTS\Binn\;C:\Program Files (x86)\Microsoft SQL Server\Client SDK\ODBC\130\Tools\Binn\;C:\Program Files (x86)\Microsoft SQL Server\140\DTS\Binn\;C:\Program Files (x86)\Microsoft SQL Server\140\Tools\Binn\ManagementStudio\;C:\Users\robert.lupoaie\AppData\Local\Microsoft\WindowsApps;C:\Users\robert.lupoaie\AppData\Local\GitHubDesktop\bin;C:\Users\robert.lupoaie\AppData\Roaming\npm;C:\Users\robert.lupoaie\AppData\Local\Programs\Microsoft VS Code\bin
USERNAME=robert.lupoaie
OS=Windows_NT
PROCESSOR_IDENTIFIER=Intel64 Family 6 Model 142 Stepping 10, GenuineIntel



---------------  S Y S T E M  ---------------

OS: Windows 10.0 , 64 bit Build 14393 (10.0.14393.2608)

CPU:total 8 (initial active 8) (4 cores per cpu, 2 threads per core) family 6 model 142 stepping 10, cmov, cx8, fxsr, mmx, sse, sse2, sse3, ssse3, sse4.1, sse4.2, popcnt, avx, avx2, aes, clmul, erms, rtm, 3dnowpref, lzcnt, ht, tsc, tscinvbit, bmi1, bmi2, adx

Memory: 4k page, physical 16634820k(7653224k free), swap 20190592k(3507320k free)

vm_info: Java HotSpot(TM) 64-Bit Server VM (25.181-b13) for windows-amd64 JRE (1.8.0_181-b13), built on Jul  7 2018 04:01:33 by "java_re" with MS VC++ 10.0 (VS2010)

time: Wed Feb 13 13:50:10 2019
elapsed time: 2207 seconds (0d 0h 36m 47s)

